<?xml version="1.0" encoding="UTF-8"?>
<testng-results ignored="0" total="1" passed="1" failed="0" skipped="0">
  <reporter-output>
    <line>
      <![CDATA[Launching Browser]]>
    </line>
    <line>
      <![CDATA[Waiting..]]>
    </line>
    <line>
      <![CDATA[Clicking on gender button]]>
    </line>
    <line>
      <![CDATA[Clicking on next button]]>
    </line>
    <line>
      <![CDATA[Entering Pincode]]>
    </line>
    <line>
      <![CDATA[Entering Mobile Number]]>
    </line>
    <line>
      <![CDATA[Clicking On Continue Button]]>
    </line>
    <line>
      <![CDATA[Getting policy count]]>
    </line>
    <line>
      <![CDATA[Getting policy count from displayed]]>
    </line>
    <line>
      <![CDATA[Closing Browser]]>
    </line>
  </reporter-output>
  <suite started-at="2025-01-31T15:52:46 IST" name="Default suite" finished-at="2025-01-31T15:53:20 IST" duration-ms="34259">
    <groups>
    </groups>
    <test started-at="2025-01-31T15:52:46 IST" name="Default test" finished-at="2025-01-31T15:53:20 IST" duration-ms="34259">
      <class name="coverFoxTest.TC1234_CoverFox_ValidateBannerCount">
        <test-method is-config="true" signature="openApplication()[pri:0, instance:coverFoxTest.TC1234_CoverFox_ValidateBannerCount@1e1a0406]" started-at="2025-01-31T15:52:46 IST" name="openApplication" finished-at="2025-01-31T15:53:00 IST" duration-ms="13646" status="PASS">
          <reporter-output>
            <line>
              <![CDATA[Launching Browser]]>
            </line>
            <line>
              <![CDATA[Waiting..]]>
            </line>
          </reporter-output>
        </test-method> <!-- openApplication -->
        <test-method is-config="true" signature="enterDetails()[pri:0, instance:coverFoxTest.TC1234_CoverFox_ValidateBannerCount@1e1a0406]" started-at="2025-01-31T15:53:00 IST" name="enterDetails" finished-at="2025-01-31T15:53:17 IST" duration-ms="17610" status="PASS">
          <reporter-output>
            <line>
              <![CDATA[Clicking on gender button]]>
            </line>
            <line>
              <![CDATA[Clicking on next button]]>
            </line>
            <line>
              <![CDATA[Entering Pincode]]>
            </line>
            <line>
              <![CDATA[Entering Mobile Number]]>
            </line>
            <line>
              <![CDATA[Clicking On Continue Button]]>
            </line>
          </reporter-output>
        </test-method> <!-- enterDetails -->
        <test-method signature="valiadatePolicyCount()[pri:0, instance:coverFoxTest.TC1234_CoverFox_ValidateBannerCount@1e1a0406]" started-at="2025-01-31T15:53:17 IST" name="valiadatePolicyCount" finished-at="2025-01-31T15:53:19 IST" duration-ms="1141" status="PASS">
          <reporter-output>
            <line>
              <![CDATA[Getting policy count]]>
            </line>
            <line>
              <![CDATA[Getting policy count from displayed]]>
            </line>
          </reporter-output>
        </test-method> <!-- valiadatePolicyCount -->
        <test-method is-config="true" signature="closeApplication()[pri:0, instance:coverFoxTest.TC1234_CoverFox_ValidateBannerCount@1e1a0406]" started-at="2025-01-31T15:53:19 IST" name="closeApplication" finished-at="2025-01-31T15:53:20 IST" duration-ms="1806" status="PASS">
          <reporter-output>
            <line>
              <![CDATA[Closing Browser]]>
            </line>
          </reporter-output>
        </test-method> <!-- closeApplication -->
      </class> <!-- coverFoxTest.TC1234_CoverFox_ValidateBannerCount -->
    </test> <!-- Default test -->
  </suite> <!-- Default suite -->
</testng-results>
