<?xml version="1.0" encoding="UTF-8"?>
<testng-results ignored="0" total="1" passed="1" failed="0" skipped="0">
  <reporter-output>
    <line>
      <![CDATA[Launching Browser]]>
    </line>
    <line>
      <![CDATA[Waiting..]]>
    </line>
    <line>
      <![CDATA[Clicking on gender button]]>
    </line>
    <line>
      <![CDATA[Clicking on next button]]>
    </line>
    <line>
      <![CDATA[Entering Pincode]]>
    </line>
    <line>
      <![CDATA[Entering Mobile Number]]>
    </line>
    <line>
      <![CDATA[Clicking On Continue Button]]>
    </line>
    <line>
      <![CDATA[Getting policy count]]>
    </line>
    <line>
      <![CDATA[Getting policy count from displayed]]>
    </line>
    <line>
      <![CDATA[Closing Browser]]>
    </line>
  </reporter-output>
  <suite started-at="2025-11-01T10:31:35 IST" name="Suite" finished-at="2025-11-01T10:31:53 IST" duration-ms="18152">
    <groups>
    </groups>
    <test started-at="2025-11-01T10:31:35 IST" name="Test" finished-at="2025-11-01T10:31:53 IST" duration-ms="18152">
      <class name="coverFoxTest.TC01_CoverFox_ValidateBannerCount">
        <test-method is-config="true" signature="openApplication()[pri:0, instance:coverFoxTest.TC01_CoverFox_ValidateBannerCount@385e9564]" started-at="2025-11-01T10:31:35 IST" name="openApplication" finished-at="2025-11-01T10:31:42 IST" duration-ms="6982" status="PASS">
          <reporter-output>
            <line>
              <![CDATA[Launching Browser]]>
            </line>
            <line>
              <![CDATA[Waiting..]]>
            </line>
          </reporter-output>
        </test-method> <!-- openApplication -->
        <test-method is-config="true" signature="enterDetails()[pri:0, instance:coverFoxTest.TC01_CoverFox_ValidateBannerCount@385e9564]" started-at="2025-11-01T10:31:42 IST" name="enterDetails" finished-at="2025-11-01T10:31:51 IST" duration-ms="9320" status="PASS">
          <reporter-output>
            <line>
              <![CDATA[Clicking on gender button]]>
            </line>
            <line>
              <![CDATA[Clicking on next button]]>
            </line>
            <line>
              <![CDATA[Entering Pincode]]>
            </line>
            <line>
              <![CDATA[Entering Mobile Number]]>
            </line>
            <line>
              <![CDATA[Clicking On Continue Button]]>
            </line>
          </reporter-output>
        </test-method> <!-- enterDetails -->
        <test-method signature="valiadatePolicyCount()[pri:0, instance:coverFoxTest.TC01_CoverFox_ValidateBannerCount@385e9564]" started-at="2025-11-01T10:31:51 IST" name="valiadatePolicyCount" finished-at="2025-11-01T10:31:52 IST" duration-ms="1244" status="PASS">
          <reporter-output>
            <line>
              <![CDATA[Getting policy count]]>
            </line>
            <line>
              <![CDATA[Getting policy count from displayed]]>
            </line>
          </reporter-output>
        </test-method> <!-- valiadatePolicyCount -->
        <test-method is-config="true" signature="closeApplication()[pri:0, instance:coverFoxTest.TC01_CoverFox_ValidateBannerCount@385e9564]" started-at="2025-11-01T10:31:52 IST" name="closeApplication" finished-at="2025-11-01T10:31:53 IST" duration-ms="562" status="PASS">
          <reporter-output>
            <line>
              <![CDATA[Closing Browser]]>
            </line>
          </reporter-output>
        </test-method> <!-- closeApplication -->
      </class> <!-- coverFoxTest.TC01_CoverFox_ValidateBannerCount -->
    </test> <!-- Test -->
  </suite> <!-- Suite -->
</testng-results>
