<?xml version="1.0" encoding="UTF-8"?>
<!-- Generated by org.testng.reporters.JUnitReportReporter -->
<testsuite hostname="LAPTOP-12TOPPAV" failures="0" tests="1" name="coverFoxTest.TC1234_CoverFox_ValidateBannerCount" time="10.792" errors="0" timestamp="2025-02-17T18:40:14 IST" skipped="0">
  <testcase classname="coverFoxTest.TC1234_CoverFox_ValidateBannerCount" name="valiadatePolicyCount" time="10.792"/>
  <system-out>
    <![CDATA[Getting policy count
Getting policy count from displayed
TC valiadatePolicyCount passed]]>
  </system-out>
</testsuite> <!-- coverFoxTest.TC1234_CoverFox_ValidateBannerCount -->
