<?xml version="1.0" encoding="UTF-8"?>
<!-- Generated by org.testng.reporters.JUnitReportReporter -->
<testsuite hostname="IND-CHN-LT10813" failures="0" tests="1" name="coverFoxTest.TC1234_CoverFox_ValidateBannerCount" time="18.751" errors="0" timestamp="2025-01-31T15:53:21 IST" skipped="0">
  <testcase classname="coverFoxTest.TC1234_CoverFox_ValidateBannerCount" name="valiadatePolicyCount" time="18.751"/>
  <system-out>
    <![CDATA[Getting policy count
Getting policy count from displayed]]>
  </system-out>
</testsuite> <!-- coverFoxTest.TC1234_CoverFox_ValidateBannerCount -->
