<?xml version="1.0" encoding="UTF-8"?>
<!-- Generated by org.testng.reporters.JUnitReportReporter -->
<testsuite hostname="LAPTOP-12TOPPAV" failures="0" tests="1" name="coverFoxTest.TC01_CoverFox_ValidateBannerCount" time="10.564" errors="0" timestamp="2025-11-01T10:31:53 IST" skipped="0">
  <testcase classname="coverFoxTest.TC01_CoverFox_ValidateBannerCount" name="valiadatePolicyCount" time="10.564">
    <system-out>
      <![CDATA[Getting policy count
Getting policy count from displayed]]>
    </system-out>
  </testcase> <!-- valiadatePolicyCount -->
  <system-out>
    <![CDATA[Launching Browser
Waiting..
Clicking on gender button
Clicking on next button
Entering Pincode
Entering Mobile Number
Clicking On Continue Button
Getting policy count
Getting policy count from displayed
Closing Browser]]>
  </system-out>
</testsuite> <!-- coverFoxTest.TC01_CoverFox_ValidateBannerCount -->
